{"/Users/micheleriva/Desktop/projects/JSMonday/gatsby/typescript-frontend/src/utils/index.ts": {"path":"/Users/micheleriva/Desktop/projects/JSMonday/gatsby/typescript-frontend/src/utils/index.ts","statementMap":{"0":{"start":{"line":1,"column":0},"end":{"line":1,"column":27}},"1":{"start":{"line":2,"column":0},"end":{"line":2,"column":31}},"2":{"start":{"line":12,"column":13},"end":{"line":12,"column":80}},"3":{"start":{"line":12,"column":44},"end":{"line":12,"column":79}},"4":{"start":{"line":12,"column":59},"end":{"line":12,"column":78}},"5":{"start":{"line":23,"column":13},"end":{"line":26,"column":3}},"6":{"start":{"line":24,"column":17},"end":{"line":24,"column":50}},"7":{"start":{"line":25,"column":2},"end":{"line":25,"column":45}},"8":{"start":{"line":36,"column":13},"end":{"line":40,"column":3}},"9":{"start":{"line":37,"column":2},"end":{"line":39,"column":50}}},"fnMap":{"0":{"name":"(anonymous_0)","decl":{"start":{"line":12,"column":28},"end":{"line":12,"column":29}},"loc":{"start":{"line":12,"column":44},"end":{"line":12,"column":79}}},"1":{"name":"(anonymous_1)","decl":{"start":{"line":12,"column":53},"end":{"line":12,"column":56}},"loc":{"start":{"line":12,"column":59},"end":{"line":12,"column":78}}},"2":{"name":"(anonymous_2)","decl":{"start":{"line":23,"column":40},"end":{"line":23,"column":41}},"loc":{"start":{"line":23,"column":97},"end":{"line":26,"column":1}}},"3":{"name":"(anonymous_3)","decl":{"start":{"line":36,"column":42},"end":{"line":36,"column":43}},"loc":{"start":{"line":36,"column":97},"end":{"line":40,"column":1}}}},"branchMap":{"0":{"loc":{"start":{"line":23,"column":55},"end":{"line":23,"column":56}},"type":"default-arg","locations":[{"start":{"line":23,"column":55},"end":{"line":23,"column":56}}]},"1":{"loc":{"start":{"line":23,"column":88},"end":{"line":23,"column":93}},"type":"default-arg","locations":[{"start":{"line":23,"column":88},"end":{"line":23,"column":93}}]},"2":{"loc":{"start":{"line":25,"column":17},"end":{"line":25,"column":23}},"type":"cond-expr","locations":[{"start":{"line":25,"column":17},"end":{"line":25,"column":23}},{"start":{"line":25,"column":26},"end":{"line":25,"column":44}}]},"3":{"loc":{"start":{"line":38,"column":6},"end":{"line":38,"column":100}},"type":"cond-expr","locations":[{"start":{"line":38,"column":6},"end":{"line":38,"column":100}},{"start":{"line":39,"column":6},"end":{"line":39,"column":49}}]}},"s":{"0":1,"1":1,"2":1,"3":4,"4":30,"5":1,"6":4,"7":4,"8":1,"9":2},"f":{"0":4,"1":30,"2":4,"3":2},"b":{"0":[0],"1":[2],"2":[2,2],"3":[1,1]}}
}
